<?xml version="1.0" encoding="UTF-8"?>
<!-- Generated by org.testng.reporters.JUnitReportReporter -->
<testsuite skipped="0" hostname="LAPTOP-8MQ569F5" name="testCases.ReadOneProduct" tests="1" failures="0" timestamp="17 Oct 2022 21:35:13 GMT" time="2.440" errors="0">
  <testcase name="readOneProduct" time="2.440" classname="testCases.ReadOneProduct"/>
</testsuite> <!-- testCases.ReadOneProduct -->
