<?xml version="1.0" encoding="UTF-8"?>
<!-- Generated by org.testng.reporters.JUnitReportReporter -->
<testsuite skipped="0" hostname="LAPTOP-8MQ569F5" name="testCases.UpdateOneProduct" tests="2" failures="0" timestamp="17 Oct 2022 20:57:15 GMT" time="3.005" errors="0">
  <testcase name="updateOneProduct" time="2.559" classname="testCases.UpdateOneProduct"/>
  <testcase name="readOneProduct" time="0.446" classname="testCases.UpdateOneProduct"/>
</testsuite> <!-- testCases.UpdateOneProduct -->
