<?xml version="1.0" encoding="UTF-8"?>
<!-- Generated by org.testng.reporters.JUnitReportReporter -->
<testsuite skipped="0" hostname="LAPTOP-8MQ569F5" name="testCases.CreateOneProduct" tests="3" failures="0" timestamp="17 Oct 2022 10:18:38 GMT" time="4.424" errors="0">
  <testcase name="createOneProduct" time="3.031" classname="testCases.CreateOneProduct"/>
  <testcase name="readAllProducts" time="0.981" classname="testCases.CreateOneProduct"/>
  <testcase name="readOneProduct" time="0.412" classname="testCases.CreateOneProduct"/>
</testsuite> <!-- testCases.CreateOneProduct -->
