<?xml version="1.0" encoding="UTF-8"?>
<!-- Generated by org.testng.reporters.JUnitReportReporter -->
<testsuite skipped="0" hostname="LAPTOP-8MQ569F5" name="testCases.ReadAllProducts" tests="1" failures="0" timestamp="15 Oct 2022 17:01:31 GMT" time="5.849" errors="0">
  <testcase name="readAllProducts" time="5.849" classname="testCases.ReadAllProducts"/>
</testsuite> <!-- testCases.ReadAllProducts -->
