<?xml version="1.0" encoding="UTF-8"?>
<!-- Generated by org.testng.reporters.JUnitReportReporter -->
<testsuite skipped="0" hostname="LAPTOP-8MQ569F5" name="testCases.DeleteOneProduct" tests="2" failures="0" timestamp="17 Oct 2022 21:22:01 GMT" time="2.921" errors="0">
  <testcase name="deleteOneProduct" time="2.517" classname="testCases.DeleteOneProduct"/>
  <testcase name="readOneProduct" time="0.404" classname="testCases.DeleteOneProduct"/>
</testsuite> <!-- testCases.DeleteOneProduct -->
